2025-05-06 13:47:15 | INFO     | __main__:main:110 - Starting AutoRia scraper
2025-05-06 13:47:15 | INFO     | autoria_scraper.database:connect:26 - Connecting to the database...
2025-05-06 13:47:15 | ERROR    | autoria_scraper.database:connect:37 - Failed to connect to the database: [Errno 111] Connect call failed ('172.18.0.2', 5432)
2025-05-06 13:47:15 | INFO     | __main__:main:133 - Application shutdown complete
2025-05-06 13:47:20 | INFO     | __main__:main:110 - Starting AutoRia scraper
2025-05-06 13:47:20 | INFO     | autoria_scraper.database:connect:26 - Connecting to the database...
2025-05-06 13:47:21 | INFO     | autoria_scraper.database:connect:35 - Connected to the database
2025-05-06 13:47:21 | INFO     | autoria_scraper.database:init_db:52 - Initializing database schema...
2025-05-06 13:47:21 | INFO     | autoria_scraper.database:init_db:72 - Database schema initialized
2025-05-06 13:47:21 | INFO     | __main__:setup_schedule:59 - Scheduling scraping job at 12:00
2025-05-06 13:47:21 | INFO     | __main__:setup_schedule:64 - Scheduling database dump job at 00:00
2025-05-06 13:47:21 | INFO     | __main__:setup_schedule:67 - Scheduled jobs set up
2025-05-06 13:47:21 | INFO     | __main__:run_scheduler:74 - Starting scheduler
2025-05-06 13:47:21 | INFO     | __main__:run_scheduler:85 - Running initial scrape job immediately
2025-05-06 13:47:21 | INFO     | autoria_scraper.scraper:run_scraper:360 - Running scraper...
2025-05-06 13:47:21 | INFO     | autoria_scraper.scraper:initialize:49 - Initializing scraper...
2025-05-06 13:47:21 | INFO     | autoria_scraper.database:disconnect:45 - Disconnecting from the database...
2025-05-06 13:47:21 | INFO     | autoria_scraper.database:disconnect:48 - Disconnected from the database
2025-05-06 13:47:21 | INFO     | __main__:main:133 - Application shutdown complete
2025-05-06 13:47:26 | INFO     | __main__:main:110 - Starting AutoRia scraper
2025-05-06 13:47:26 | INFO     | autoria_scraper.database:connect:26 - Connecting to the database...
2025-05-06 13:47:27 | INFO     | autoria_scraper.database:connect:35 - Connected to the database
2025-05-06 13:47:27 | INFO     | autoria_scraper.database:init_db:52 - Initializing database schema...
2025-05-06 13:47:27 | INFO     | autoria_scraper.database:init_db:72 - Database schema initialized
2025-05-06 13:47:27 | INFO     | __main__:setup_schedule:59 - Scheduling scraping job at 12:00
2025-05-06 13:47:27 | INFO     | __main__:setup_schedule:64 - Scheduling database dump job at 00:00
2025-05-06 13:47:27 | INFO     | __main__:setup_schedule:67 - Scheduled jobs set up
2025-05-06 13:47:27 | INFO     | __main__:run_scheduler:74 - Starting scheduler
2025-05-06 13:47:27 | INFO     | __main__:run_scheduler:85 - Running initial scrape job immediately
2025-05-06 13:47:27 | INFO     | autoria_scraper.scraper:run_scraper:360 - Running scraper...
2025-05-06 13:47:27 | INFO     | autoria_scraper.scraper:initialize:49 - Initializing scraper...
2025-05-06 13:47:27 | INFO     | autoria_scraper.database:disconnect:45 - Disconnecting from the database...
2025-05-06 13:47:27 | INFO     | autoria_scraper.database:disconnect:48 - Disconnected from the database
2025-05-06 13:47:27 | INFO     | __main__:main:133 - Application shutdown complete
2025-05-06 13:47:34 | INFO     | __main__:main:110 - Starting AutoRia scraper
2025-05-06 13:47:34 | INFO     | autoria_scraper.database:connect:26 - Connecting to the database...
2025-05-06 13:47:36 | INFO     | autoria_scraper.database:connect:35 - Connected to the database
2025-05-06 13:47:36 | INFO     | autoria_scraper.database:init_db:52 - Initializing database schema...
2025-05-06 13:47:36 | INFO     | autoria_scraper.database:init_db:72 - Database schema initialized
2025-05-06 13:47:36 | INFO     | __main__:setup_schedule:59 - Scheduling scraping job at 12:00
2025-05-06 13:47:36 | INFO     | __main__:setup_schedule:64 - Scheduling database dump job at 00:00
2025-05-06 13:47:36 | INFO     | __main__:setup_schedule:67 - Scheduled jobs set up
2025-05-06 13:47:36 | INFO     | __main__:run_scheduler:74 - Starting scheduler
2025-05-06 13:47:36 | INFO     | __main__:run_scheduler:85 - Running initial scrape job immediately
2025-05-06 13:47:36 | INFO     | autoria_scraper.scraper:run_scraper:360 - Running scraper...
2025-05-06 13:47:36 | INFO     | autoria_scraper.scraper:initialize:49 - Initializing scraper...
2025-05-06 13:47:36 | INFO     | autoria_scraper.database:disconnect:45 - Disconnecting from the database...
2025-05-06 13:47:36 | INFO     | autoria_scraper.database:disconnect:48 - Disconnected from the database
2025-05-06 13:47:36 | INFO     | __main__:main:133 - Application shutdown complete
2025-05-06 13:47:39 | INFO     | __main__:main:110 - Starting AutoRia scraper
2025-05-06 13:47:39 | INFO     | autoria_scraper.database:connect:26 - Connecting to the database...
2025-05-06 13:47:39 | INFO     | autoria_scraper.database:connect:35 - Connected to the database
2025-05-06 13:47:39 | INFO     | autoria_scraper.database:init_db:52 - Initializing database schema...
2025-05-06 13:47:39 | INFO     | autoria_scraper.database:init_db:72 - Database schema initialized
2025-05-06 13:47:39 | INFO     | __main__:setup_schedule:59 - Scheduling scraping job at 12:00
2025-05-06 13:47:39 | INFO     | __main__:setup_schedule:64 - Scheduling database dump job at 00:00
2025-05-06 13:47:39 | INFO     | __main__:setup_schedule:67 - Scheduled jobs set up
2025-05-06 13:47:39 | INFO     | __main__:run_scheduler:74 - Starting scheduler
2025-05-06 13:47:39 | INFO     | __main__:run_scheduler:85 - Running initial scrape job immediately
2025-05-06 13:47:39 | INFO     | autoria_scraper.scraper:run_scraper:360 - Running scraper...
2025-05-06 13:47:39 | INFO     | autoria_scraper.scraper:initialize:49 - Initializing scraper...
2025-05-06 13:47:39 | INFO     | autoria_scraper.database:disconnect:45 - Disconnecting from the database...
2025-05-06 13:47:39 | INFO     | autoria_scraper.database:disconnect:48 - Disconnected from the database
2025-05-06 13:47:39 | INFO     | __main__:main:133 - Application shutdown complete
2025-05-06 13:47:43 | INFO     | __main__:main:110 - Starting AutoRia scraper
2025-05-06 13:47:43 | INFO     | autoria_scraper.database:connect:26 - Connecting to the database...
2025-05-06 13:47:44 | INFO     | autoria_scraper.database:connect:35 - Connected to the database
2025-05-06 13:47:44 | INFO     | autoria_scraper.database:init_db:52 - Initializing database schema...
2025-05-06 13:47:44 | INFO     | autoria_scraper.database:init_db:72 - Database schema initialized
2025-05-06 13:47:44 | INFO     | __main__:setup_schedule:59 - Scheduling scraping job at 12:00
2025-05-06 13:47:44 | INFO     | __main__:setup_schedule:64 - Scheduling database dump job at 00:00
2025-05-06 13:47:44 | INFO     | __main__:setup_schedule:67 - Scheduled jobs set up
2025-05-06 13:47:44 | INFO     | __main__:run_scheduler:74 - Starting scheduler
2025-05-06 13:47:44 | INFO     | __main__:run_scheduler:85 - Running initial scrape job immediately
2025-05-06 13:47:44 | INFO     | autoria_scraper.scraper:run_scraper:360 - Running scraper...
2025-05-06 13:47:44 | INFO     | autoria_scraper.scraper:initialize:49 - Initializing scraper...
2025-05-06 13:47:44 | INFO     | autoria_scraper.database:disconnect:45 - Disconnecting from the database...
2025-05-06 13:47:44 | INFO     | autoria_scraper.database:disconnect:48 - Disconnected from the database
2025-05-06 13:47:44 | INFO     | __main__:main:133 - Application shutdown complete
2025-05-06 13:47:49 | INFO     | __main__:main:110 - Starting AutoRia scraper
2025-05-06 13:47:49 | INFO     | autoria_scraper.database:connect:26 - Connecting to the database...
2025-05-06 13:47:50 | INFO     | autoria_scraper.database:connect:35 - Connected to the database
2025-05-06 13:47:50 | INFO     | autoria_scraper.database:init_db:52 - Initializing database schema...
2025-05-06 13:47:50 | INFO     | autoria_scraper.database:init_db:72 - Database schema initialized
2025-05-06 13:47:50 | INFO     | __main__:setup_schedule:59 - Scheduling scraping job at 12:00
2025-05-06 13:47:50 | INFO     | __main__:setup_schedule:64 - Scheduling database dump job at 00:00
2025-05-06 13:47:50 | INFO     | __main__:setup_schedule:67 - Scheduled jobs set up
2025-05-06 13:47:50 | INFO     | __main__:run_scheduler:74 - Starting scheduler
2025-05-06 13:47:50 | INFO     | __main__:run_scheduler:85 - Running initial scrape job immediately
2025-05-06 13:47:50 | INFO     | autoria_scraper.scraper:run_scraper:360 - Running scraper...
2025-05-06 13:47:50 | INFO     | autoria_scraper.scraper:initialize:49 - Initializing scraper...
2025-05-06 13:47:50 | INFO     | autoria_scraper.database:disconnect:45 - Disconnecting from the database...
2025-05-06 13:47:50 | INFO     | autoria_scraper.database:disconnect:48 - Disconnected from the database
2025-05-06 13:47:50 | INFO     | __main__:main:133 - Application shutdown complete
2025-05-06 13:47:59 | INFO     | __main__:main:110 - Starting AutoRia scraper
2025-05-06 13:47:59 | INFO     | autoria_scraper.database:connect:26 - Connecting to the database...
2025-05-06 13:47:59 | INFO     | autoria_scraper.database:connect:35 - Connected to the database
2025-05-06 13:47:59 | INFO     | autoria_scraper.database:init_db:52 - Initializing database schema...
2025-05-06 13:47:59 | INFO     | autoria_scraper.database:init_db:72 - Database schema initialized
2025-05-06 13:47:59 | INFO     | __main__:setup_schedule:59 - Scheduling scraping job at 12:00
2025-05-06 13:47:59 | INFO     | __main__:setup_schedule:64 - Scheduling database dump job at 00:00
2025-05-06 13:47:59 | INFO     | __main__:setup_schedule:67 - Scheduled jobs set up
2025-05-06 13:47:59 | INFO     | __main__:run_scheduler:74 - Starting scheduler
2025-05-06 13:47:59 | INFO     | __main__:run_scheduler:85 - Running initial scrape job immediately
2025-05-06 13:47:59 | INFO     | autoria_scraper.scraper:run_scraper:360 - Running scraper...
2025-05-06 13:47:59 | INFO     | autoria_scraper.scraper:initialize:49 - Initializing scraper...
2025-05-06 13:47:59 | INFO     | autoria_scraper.database:disconnect:45 - Disconnecting from the database...
2025-05-06 13:47:59 | INFO     | autoria_scraper.database:disconnect:48 - Disconnected from the database
2025-05-06 13:47:59 | INFO     | __main__:main:133 - Application shutdown complete
2025-05-06 13:48:14 | INFO     | __main__:main:110 - Starting AutoRia scraper
2025-05-06 13:48:14 | INFO     | autoria_scraper.database:connect:26 - Connecting to the database...
2025-05-06 13:48:15 | INFO     | autoria_scraper.database:connect:35 - Connected to the database
2025-05-06 13:48:15 | INFO     | autoria_scraper.database:init_db:52 - Initializing database schema...
2025-05-06 13:48:15 | INFO     | autoria_scraper.database:init_db:72 - Database schema initialized
2025-05-06 13:48:15 | INFO     | __main__:setup_schedule:59 - Scheduling scraping job at 12:00
2025-05-06 13:48:15 | INFO     | __main__:setup_schedule:64 - Scheduling database dump job at 00:00
2025-05-06 13:48:15 | INFO     | __main__:setup_schedule:67 - Scheduled jobs set up
2025-05-06 13:48:15 | INFO     | __main__:run_scheduler:74 - Starting scheduler
2025-05-06 13:48:15 | INFO     | __main__:run_scheduler:85 - Running initial scrape job immediately
2025-05-06 13:48:15 | INFO     | autoria_scraper.scraper:run_scraper:360 - Running scraper...
2025-05-06 13:48:15 | INFO     | autoria_scraper.scraper:initialize:49 - Initializing scraper...
2025-05-06 13:48:15 | INFO     | autoria_scraper.database:disconnect:45 - Disconnecting from the database...
2025-05-06 13:48:15 | INFO     | autoria_scraper.database:disconnect:48 - Disconnected from the database
2025-05-06 13:48:15 | INFO     | __main__:main:133 - Application shutdown complete
2025-05-06 13:48:42 | INFO     | __main__:main:110 - Starting AutoRia scraper
2025-05-06 13:48:42 | INFO     | autoria_scraper.database:connect:26 - Connecting to the database...
2025-05-06 13:48:43 | INFO     | autoria_scraper.database:connect:35 - Connected to the database
2025-05-06 13:48:43 | INFO     | autoria_scraper.database:init_db:52 - Initializing database schema...
2025-05-06 13:48:43 | INFO     | autoria_scraper.database:init_db:72 - Database schema initialized
2025-05-06 13:48:43 | INFO     | __main__:setup_schedule:59 - Scheduling scraping job at 12:00
2025-05-06 13:48:43 | INFO     | __main__:setup_schedule:64 - Scheduling database dump job at 00:00
2025-05-06 13:48:43 | INFO     | __main__:setup_schedule:67 - Scheduled jobs set up
2025-05-06 13:48:43 | INFO     | __main__:run_scheduler:74 - Starting scheduler
2025-05-06 13:48:43 | INFO     | __main__:run_scheduler:85 - Running initial scrape job immediately
2025-05-06 13:48:43 | INFO     | autoria_scraper.scraper:run_scraper:360 - Running scraper...
2025-05-06 13:48:43 | INFO     | autoria_scraper.scraper:initialize:49 - Initializing scraper...
2025-05-06 13:48:43 | INFO     | autoria_scraper.database:disconnect:45 - Disconnecting from the database...
2025-05-06 13:48:43 | INFO     | autoria_scraper.database:disconnect:48 - Disconnected from the database
2025-05-06 13:48:43 | INFO     | __main__:main:133 - Application shutdown complete
2025-05-06 13:49:36 | INFO     | __main__:main:110 - Starting AutoRia scraper
2025-05-06 13:49:36 | INFO     | autoria_scraper.database:connect:26 - Connecting to the database...
2025-05-06 13:49:37 | INFO     | autoria_scraper.database:connect:35 - Connected to the database
2025-05-06 13:49:37 | INFO     | autoria_scraper.database:init_db:52 - Initializing database schema...
2025-05-06 13:49:37 | INFO     | autoria_scraper.database:init_db:72 - Database schema initialized
2025-05-06 13:49:37 | INFO     | __main__:setup_schedule:59 - Scheduling scraping job at 12:00
2025-05-06 13:49:37 | INFO     | __main__:setup_schedule:64 - Scheduling database dump job at 00:00
2025-05-06 13:49:37 | INFO     | __main__:setup_schedule:67 - Scheduled jobs set up
2025-05-06 13:49:37 | INFO     | __main__:run_scheduler:74 - Starting scheduler
2025-05-06 13:49:37 | INFO     | __main__:run_scheduler:85 - Running initial scrape job immediately
2025-05-06 13:49:37 | INFO     | autoria_scraper.scraper:run_scraper:360 - Running scraper...
2025-05-06 13:49:37 | INFO     | autoria_scraper.scraper:initialize:49 - Initializing scraper...
2025-05-06 13:49:37 | INFO     | autoria_scraper.database:disconnect:45 - Disconnecting from the database...
2025-05-06 13:49:38 | INFO     | autoria_scraper.database:disconnect:48 - Disconnected from the database
2025-05-06 13:49:38 | INFO     | __main__:main:133 - Application shutdown complete
2025-05-06 13:50:39 | INFO     | __main__:main:110 - Starting AutoRia scraper
2025-05-06 13:50:39 | INFO     | autoria_scraper.database:connect:26 - Connecting to the database...
2025-05-06 13:50:40 | INFO     | autoria_scraper.database:connect:35 - Connected to the database
2025-05-06 13:50:40 | INFO     | autoria_scraper.database:init_db:52 - Initializing database schema...
2025-05-06 13:50:40 | INFO     | autoria_scraper.database:init_db:72 - Database schema initialized
2025-05-06 13:50:40 | INFO     | __main__:setup_schedule:59 - Scheduling scraping job at 12:00
2025-05-06 13:50:40 | INFO     | __main__:setup_schedule:64 - Scheduling database dump job at 00:00
2025-05-06 13:50:40 | INFO     | __main__:setup_schedule:67 - Scheduled jobs set up
2025-05-06 13:50:40 | INFO     | __main__:run_scheduler:74 - Starting scheduler
2025-05-06 13:50:40 | INFO     | __main__:run_scheduler:85 - Running initial scrape job immediately
2025-05-06 13:50:40 | INFO     | autoria_scraper.scraper:run_scraper:360 - Running scraper...
2025-05-06 13:50:40 | INFO     | autoria_scraper.scraper:initialize:49 - Initializing scraper...
2025-05-06 13:50:40 | INFO     | autoria_scraper.database:disconnect:45 - Disconnecting from the database...
2025-05-06 13:50:40 | INFO     | autoria_scraper.database:disconnect:48 - Disconnected from the database
2025-05-06 13:50:40 | INFO     | __main__:main:133 - Application shutdown complete
2025-05-06 13:51:43 | INFO     | __main__:main:109 - Starting AutoRia scraper
2025-05-06 13:51:43 | INFO     | autoria_scraper.database:connect:26 - Connecting to the database...
2025-05-06 13:51:44 | INFO     | autoria_scraper.database:connect:35 - Connected to the database
2025-05-06 13:51:44 | INFO     | autoria_scraper.database:init_db:52 - Initializing database schema...
2025-05-06 13:51:44 | INFO     | autoria_scraper.database:init_db:72 - Database schema initialized
2025-05-06 13:51:44 | INFO     | __main__:setup_schedule:58 - Scheduling scraping job at 12:00
2025-05-06 13:51:44 | INFO     | __main__:setup_schedule:63 - Scheduling database dump job at 00:00
2025-05-06 13:51:44 | INFO     | __main__:setup_schedule:66 - Scheduled jobs set up
2025-05-06 13:51:44 | INFO     | __main__:run_scheduler:73 - Starting scheduler
2025-05-06 13:51:44 | INFO     | __main__:run_scheduler:84 - Running initial scrape job immediately
2025-05-06 13:51:44 | INFO     | autoria_scraper.scraper:run_scraper:360 - Running scraper...
2025-05-06 13:51:44 | INFO     | autoria_scraper.scraper:initialize:49 - Initializing scraper...
2025-05-06 13:51:44 | INFO     | autoria_scraper.database:disconnect:45 - Disconnecting from the database...
2025-05-06 13:51:44 | INFO     | autoria_scraper.database:disconnect:48 - Disconnected from the database
2025-05-06 13:51:44 | INFO     | __main__:main:132 - Application shutdown complete
2025-05-06 13:52:45 | INFO     | __main__:main:109 - Starting AutoRia scraper
2025-05-06 13:52:45 | INFO     | autoria_scraper.database:connect:25 - Connecting to the database...
2025-05-06 13:52:46 | INFO     | autoria_scraper.database:connect:34 - Connected to the database
2025-05-06 13:52:46 | INFO     | autoria_scraper.database:init_db:51 - Initializing database schema...
2025-05-06 13:52:46 | INFO     | autoria_scraper.database:init_db:71 - Database schema initialized
2025-05-06 13:52:46 | INFO     | __main__:setup_schedule:58 - Scheduling scraping job at 12:00
2025-05-06 13:52:46 | INFO     | __main__:setup_schedule:63 - Scheduling database dump job at 00:00
2025-05-06 13:52:46 | INFO     | __main__:setup_schedule:66 - Scheduled jobs set up
2025-05-06 13:52:46 | INFO     | __main__:run_scheduler:73 - Starting scheduler
2025-05-06 13:52:46 | INFO     | __main__:run_scheduler:84 - Running initial scrape job immediately
2025-05-06 13:52:46 | INFO     | autoria_scraper.scraper:run_scraper:360 - Running scraper...
2025-05-06 13:52:46 | INFO     | autoria_scraper.scraper:initialize:49 - Initializing scraper...
2025-05-06 13:52:46 | INFO     | autoria_scraper.database:disconnect:44 - Disconnecting from the database...
2025-05-06 13:52:46 | INFO     | autoria_scraper.database:disconnect:47 - Disconnected from the database
2025-05-06 13:52:46 | INFO     | __main__:main:132 - Application shutdown complete
2025-05-06 13:53:47 | INFO     | __main__:main:109 - Starting AutoRia scraper
2025-05-06 13:53:47 | INFO     | autoria_scraper.database:connect:25 - Connecting to the database...
2025-05-06 13:53:48 | INFO     | autoria_scraper.database:connect:34 - Connected to the database
2025-05-06 13:53:48 | INFO     | autoria_scraper.database:init_db:51 - Initializing database schema...
2025-05-06 13:53:48 | INFO     | autoria_scraper.database:init_db:71 - Database schema initialized
2025-05-06 13:53:48 | INFO     | __main__:setup_schedule:58 - Scheduling scraping job at 12:00
2025-05-06 13:53:48 | INFO     | __main__:setup_schedule:63 - Scheduling database dump job at 00:00
2025-05-06 13:53:48 | INFO     | __main__:setup_schedule:66 - Scheduled jobs set up
2025-05-06 13:53:48 | INFO     | __main__:run_scheduler:73 - Starting scheduler
2025-05-06 13:53:48 | INFO     | __main__:run_scheduler:84 - Running initial scrape job immediately
2025-05-06 13:53:48 | INFO     | autoria_scraper.scraper:run_scraper:360 - Running scraper...
2025-05-06 13:53:48 | INFO     | autoria_scraper.scraper:initialize:49 - Initializing scraper...
2025-05-06 13:53:48 | INFO     | autoria_scraper.database:disconnect:44 - Disconnecting from the database...
2025-05-06 13:53:48 | INFO     | autoria_scraper.database:disconnect:47 - Disconnected from the database
2025-05-06 13:53:48 | INFO     | __main__:main:132 - Application shutdown complete
2025-05-06 13:54:50 | INFO     | __main__:main:109 - Starting AutoRia scraper
2025-05-06 13:54:50 | INFO     | autoria_scraper.database:connect:25 - Connecting to the database...
2025-05-06 13:54:51 | INFO     | autoria_scraper.database:connect:34 - Connected to the database
2025-05-06 13:54:51 | INFO     | autoria_scraper.database:init_db:51 - Initializing database schema...
2025-05-06 13:54:51 | INFO     | autoria_scraper.database:init_db:71 - Database schema initialized
2025-05-06 13:54:51 | INFO     | __main__:setup_schedule:58 - Scheduling scraping job at 12:00
2025-05-06 13:54:51 | INFO     | __main__:setup_schedule:63 - Scheduling database dump job at 00:00
2025-05-06 13:54:51 | INFO     | __main__:setup_schedule:66 - Scheduled jobs set up
2025-05-06 13:54:51 | INFO     | __main__:run_scheduler:73 - Starting scheduler
2025-05-06 13:54:51 | INFO     | __main__:run_scheduler:84 - Running initial scrape job immediately
2025-05-06 13:54:51 | INFO     | autoria_scraper.scraper:run_scraper:360 - Running scraper...
2025-05-06 13:54:51 | INFO     | autoria_scraper.scraper:initialize:49 - Initializing scraper...
2025-05-06 13:54:51 | INFO     | autoria_scraper.database:disconnect:44 - Disconnecting from the database...
2025-05-06 13:54:51 | INFO     | autoria_scraper.database:disconnect:47 - Disconnected from the database
2025-05-06 13:54:51 | INFO     | __main__:main:132 - Application shutdown complete
2025-05-06 13:55:54 | INFO     | __main__:main:109 - Starting AutoRia scraper
2025-05-06 13:55:54 | INFO     | autoria_scraper.database:connect:25 - Connecting to the database...
2025-05-06 13:55:54 | INFO     | autoria_scraper.database:connect:34 - Connected to the database
2025-05-06 13:55:54 | INFO     | autoria_scraper.database:init_db:51 - Initializing database schema...
2025-05-06 13:55:54 | INFO     | autoria_scraper.database:init_db:71 - Database schema initialized
2025-05-06 13:55:55 | INFO     | __main__:setup_schedule:58 - Scheduling scraping job at 12:00
2025-05-06 13:55:55 | INFO     | __main__:setup_schedule:63 - Scheduling database dump job at 00:00
2025-05-06 13:55:55 | INFO     | __main__:setup_schedule:66 - Scheduled jobs set up
2025-05-06 13:55:55 | INFO     | __main__:run_scheduler:73 - Starting scheduler
2025-05-06 13:55:55 | INFO     | __main__:run_scheduler:84 - Running initial scrape job immediately
2025-05-06 13:55:55 | INFO     | autoria_scraper.scraper:run_scraper:359 - Running scraper...
2025-05-06 13:55:55 | INFO     | autoria_scraper.scraper:initialize:48 - Initializing scraper...
2025-05-06 13:55:55 | INFO     | autoria_scraper.database:disconnect:44 - Disconnecting from the database...
2025-05-06 13:55:55 | INFO     | autoria_scraper.database:disconnect:47 - Disconnected from the database
2025-05-06 13:55:55 | INFO     | __main__:main:132 - Application shutdown complete
2025-05-06 13:56:57 | INFO     | __main__:main:109 - Starting AutoRia scraper
2025-05-06 13:56:57 | INFO     | autoria_scraper.database:connect:25 - Connecting to the database...
2025-05-06 13:56:58 | INFO     | autoria_scraper.database:connect:34 - Connected to the database
2025-05-06 13:56:58 | INFO     | autoria_scraper.database:init_db:51 - Initializing database schema...
2025-05-06 13:56:58 | INFO     | autoria_scraper.database:init_db:71 - Database schema initialized
2025-05-06 13:56:58 | INFO     | __main__:setup_schedule:58 - Scheduling scraping job at 12:00
2025-05-06 13:56:58 | INFO     | __main__:setup_schedule:63 - Scheduling database dump job at 00:00
2025-05-06 13:56:58 | INFO     | __main__:setup_schedule:66 - Scheduled jobs set up
2025-05-06 13:56:58 | INFO     | __main__:run_scheduler:73 - Starting scheduler
2025-05-06 13:56:58 | INFO     | __main__:run_scheduler:84 - Running initial scrape job immediately
2025-05-06 13:56:58 | INFO     | autoria_scraper.scraper:run_scraper:359 - Running scraper...
2025-05-06 13:56:58 | INFO     | autoria_scraper.scraper:initialize:48 - Initializing scraper...
2025-05-06 13:56:58 | INFO     | autoria_scraper.database:disconnect:44 - Disconnecting from the database...
2025-05-06 13:56:58 | INFO     | autoria_scraper.database:disconnect:47 - Disconnected from the database
2025-05-06 13:56:58 | INFO     | __main__:main:132 - Application shutdown complete
2025-05-06 13:58:00 | INFO     | __main__:main:109 - Starting AutoRia scraper
2025-05-06 13:58:00 | INFO     | autoria_scraper.database:connect:25 - Connecting to the database...
2025-05-06 13:58:01 | INFO     | autoria_scraper.database:connect:34 - Connected to the database
2025-05-06 13:58:01 | INFO     | autoria_scraper.database:init_db:51 - Initializing database schema...
2025-05-06 13:58:01 | INFO     | autoria_scraper.database:init_db:71 - Database schema initialized
2025-05-06 13:58:01 | INFO     | __main__:setup_schedule:58 - Scheduling scraping job at 12:00
2025-05-06 13:58:01 | INFO     | __main__:setup_schedule:63 - Scheduling database dump job at 00:00
2025-05-06 13:58:01 | INFO     | __main__:setup_schedule:66 - Scheduled jobs set up
2025-05-06 13:58:01 | INFO     | __main__:run_scheduler:73 - Starting scheduler
2025-05-06 13:58:01 | INFO     | __main__:run_scheduler:84 - Running initial scrape job immediately
2025-05-06 13:58:01 | INFO     | autoria_scraper.scraper:run_scraper:359 - Running scraper...
2025-05-06 13:58:01 | INFO     | autoria_scraper.scraper:initialize:48 - Initializing scraper...
2025-05-06 13:58:01 | INFO     | autoria_scraper.database:disconnect:44 - Disconnecting from the database...
2025-05-06 13:58:01 | INFO     | autoria_scraper.database:disconnect:47 - Disconnected from the database
2025-05-06 13:58:01 | INFO     | __main__:main:132 - Application shutdown complete
2025-05-06 13:59:03 | INFO     | __main__:main:109 - Starting AutoRia scraper
2025-05-06 13:59:03 | INFO     | autoria_scraper.database:connect:25 - Connecting to the database...
2025-05-06 13:59:03 | INFO     | autoria_scraper.database:connect:34 - Connected to the database
2025-05-06 13:59:03 | INFO     | autoria_scraper.database:init_db:51 - Initializing database schema...
2025-05-06 13:59:03 | INFO     | autoria_scraper.database:init_db:71 - Database schema initialized
2025-05-06 13:59:03 | INFO     | __main__:setup_schedule:58 - Scheduling scraping job at 12:00
2025-05-06 13:59:03 | INFO     | __main__:setup_schedule:63 - Scheduling database dump job at 00:00
2025-05-06 13:59:03 | INFO     | __main__:setup_schedule:66 - Scheduled jobs set up
2025-05-06 13:59:03 | INFO     | __main__:run_scheduler:73 - Starting scheduler
2025-05-06 13:59:03 | INFO     | __main__:run_scheduler:84 - Running initial scrape job immediately
2025-05-06 13:59:03 | INFO     | autoria_scraper.scraper:run_scraper:359 - Running scraper...
2025-05-06 13:59:03 | INFO     | autoria_scraper.scraper:initialize:48 - Initializing scraper...
2025-05-06 13:59:03 | INFO     | autoria_scraper.database:disconnect:44 - Disconnecting from the database...
2025-05-06 13:59:03 | INFO     | autoria_scraper.database:disconnect:47 - Disconnected from the database
2025-05-06 13:59:03 | INFO     | __main__:main:132 - Application shutdown complete
2025-05-06 14:00:07 | INFO     | __main__:main:109 - Starting AutoRia scraper
2025-05-06 14:00:07 | INFO     | autoria_scraper.database:connect:25 - Connecting to the database...
2025-05-06 14:00:08 | INFO     | autoria_scraper.database:connect:34 - Connected to the database
2025-05-06 14:00:08 | INFO     | autoria_scraper.database:init_db:51 - Initializing database schema...
2025-05-06 14:00:08 | INFO     | autoria_scraper.database:init_db:71 - Database schema initialized
2025-05-06 14:00:08 | INFO     | __main__:setup_schedule:58 - Scheduling scraping job at 12:00
2025-05-06 14:00:08 | INFO     | __main__:setup_schedule:63 - Scheduling database dump job at 00:00
2025-05-06 14:00:08 | INFO     | __main__:setup_schedule:66 - Scheduled jobs set up
2025-05-06 14:00:08 | INFO     | __main__:run_scheduler:73 - Starting scheduler
2025-05-06 14:00:08 | INFO     | __main__:run_scheduler:84 - Running initial scrape job immediately
2025-05-06 14:00:08 | INFO     | autoria_scraper.scraper:run_scraper:359 - Running scraper...
2025-05-06 14:00:08 | INFO     | autoria_scraper.scraper:initialize:48 - Initializing scraper...
2025-05-06 14:00:08 | INFO     | autoria_scraper.database:disconnect:44 - Disconnecting from the database...
2025-05-06 14:00:08 | INFO     | autoria_scraper.database:disconnect:47 - Disconnected from the database
2025-05-06 14:00:08 | INFO     | __main__:main:132 - Application shutdown complete
2025-05-06 14:01:10 | INFO     | __main__:main:109 - Starting AutoRia scraper
2025-05-06 14:01:10 | INFO     | autoria_scraper.database:connect:25 - Connecting to the database...
2025-05-06 14:01:10 | INFO     | autoria_scraper.database:connect:34 - Connected to the database
2025-05-06 14:01:10 | INFO     | autoria_scraper.database:init_db:51 - Initializing database schema...
2025-05-06 14:01:10 | INFO     | autoria_scraper.database:init_db:71 - Database schema initialized
2025-05-06 14:01:10 | INFO     | __main__:setup_schedule:58 - Scheduling scraping job at 12:00
2025-05-06 14:01:10 | INFO     | __main__:setup_schedule:63 - Scheduling database dump job at 00:00
2025-05-06 14:01:10 | INFO     | __main__:setup_schedule:66 - Scheduled jobs set up
2025-05-06 14:01:10 | INFO     | __main__:run_scheduler:73 - Starting scheduler
2025-05-06 14:01:10 | INFO     | __main__:run_scheduler:84 - Running initial scrape job immediately
2025-05-06 14:01:10 | INFO     | autoria_scraper.scraper:run_scraper:359 - Running scraper...
2025-05-06 14:01:10 | INFO     | autoria_scraper.scraper:initialize:48 - Initializing scraper...
2025-05-06 14:01:10 | INFO     | autoria_scraper.database:disconnect:44 - Disconnecting from the database...
2025-05-06 14:01:10 | INFO     | autoria_scraper.database:disconnect:47 - Disconnected from the database
2025-05-06 14:01:10 | INFO     | __main__:main:132 - Application shutdown complete
2025-05-06 14:02:12 | INFO     | __main__:main:109 - Starting AutoRia scraper
2025-05-06 14:02:12 | INFO     | autoria_scraper.database:connect:25 - Connecting to the database...
2025-05-06 14:02:12 | INFO     | autoria_scraper.database:connect:34 - Connected to the database
2025-05-06 14:02:12 | INFO     | autoria_scraper.database:init_db:51 - Initializing database schema...
2025-05-06 14:02:12 | INFO     | autoria_scraper.database:init_db:71 - Database schema initialized
2025-05-06 14:02:12 | INFO     | __main__:setup_schedule:58 - Scheduling scraping job at 12:00
2025-05-06 14:02:12 | INFO     | __main__:setup_schedule:63 - Scheduling database dump job at 00:00
2025-05-06 14:02:12 | INFO     | __main__:setup_schedule:66 - Scheduled jobs set up
2025-05-06 14:02:12 | INFO     | __main__:run_scheduler:73 - Starting scheduler
2025-05-06 14:02:13 | INFO     | __main__:run_scheduler:84 - Running initial scrape job immediately
2025-05-06 14:02:13 | INFO     | autoria_scraper.scraper:run_scraper:359 - Running scraper...
2025-05-06 14:02:13 | INFO     | autoria_scraper.scraper:initialize:48 - Initializing scraper...
2025-05-06 14:02:13 | INFO     | autoria_scraper.database:disconnect:44 - Disconnecting from the database...
2025-05-06 14:02:13 | INFO     | autoria_scraper.database:disconnect:47 - Disconnected from the database
2025-05-06 14:02:13 | INFO     | __main__:main:132 - Application shutdown complete
2025-05-06 14:03:14 | INFO     | __main__:main:109 - Starting AutoRia scraper
2025-05-06 14:03:14 | INFO     | autoria_scraper.database:connect:25 - Connecting to the database...
2025-05-06 14:03:15 | INFO     | autoria_scraper.database:connect:34 - Connected to the database
2025-05-06 14:03:15 | INFO     | autoria_scraper.database:init_db:51 - Initializing database schema...
2025-05-06 14:03:15 | INFO     | autoria_scraper.database:init_db:71 - Database schema initialized
2025-05-06 14:03:15 | INFO     | __main__:setup_schedule:58 - Scheduling scraping job at 12:00
2025-05-06 14:03:15 | INFO     | __main__:setup_schedule:63 - Scheduling database dump job at 00:00
2025-05-06 14:03:15 | INFO     | __main__:setup_schedule:66 - Scheduled jobs set up
2025-05-06 14:03:15 | INFO     | __main__:run_scheduler:73 - Starting scheduler
2025-05-06 14:03:15 | INFO     | __main__:run_scheduler:84 - Running initial scrape job immediately
2025-05-06 14:03:15 | INFO     | autoria_scraper.scraper:run_scraper:359 - Running scraper...
2025-05-06 14:03:15 | INFO     | autoria_scraper.scraper:initialize:48 - Initializing scraper...
2025-05-06 14:03:15 | INFO     | autoria_scraper.database:disconnect:44 - Disconnecting from the database...
2025-05-06 14:03:15 | INFO     | autoria_scraper.database:disconnect:47 - Disconnected from the database
2025-05-06 14:03:15 | INFO     | __main__:main:132 - Application shutdown complete
